2021-01-11 20:15:25.876  INFO 21200 --- [main] s.c.a.AnnotationConfigApplicationContext : Refreshing org.springframework.context.annotation.AnnotationConfigApplicationContext@9bda259: startup date [Mon Jan 11 20:15:25 CST 2021]; root of context hierarchy
2021-01-11 20:15:26.251  INFO 21200 --- [main] f.a.AutowiredAnnotationBeanPostProcessor : JSR-330 'javax.inject.Inject' annotation found and supported for autowiring
2021-01-11 20:15:26.394  INFO 21200 --- [main] trationDelegate$BeanPostProcessorChecker : Bean 'configurationPropertiesRebinderAutoConfiguration' of type [org.springframework.cloud.autoconfigure.ConfigurationPropertiesRebinderAutoConfiguration$$EnhancerBySpringCGLIB$$b08b961a] is not eligible for getting processed by all BeanPostProcessors (for example: not eligible for auto-proxying)
2021-01-11 20:15:27.242  INFO 21200 --- [main] c.c.f.apollo.assembly.ApolloApplication  : The following profiles are active: github,auth
2021-01-11 20:15:27.264  INFO 21200 --- [main] s.c.a.AnnotationConfigApplicationContext : Refreshing org.springframework.context.annotation.AnnotationConfigApplicationContext@7985f7d2: startup date [Mon Jan 11 20:15:27 CST 2021]; parent: org.springframework.context.annotation.AnnotationConfigApplicationContext@9bda259
2021-01-11 20:15:28.546  INFO 21200 --- [main] o.s.cloud.context.scope.GenericScope     : BeanFactory id=f64f61bf-e011-3eec-9920-43eaa6057145
2021-01-11 20:15:28.590  INFO 21200 --- [main] f.a.AutowiredAnnotationBeanPostProcessor : JSR-330 'javax.inject.Inject' annotation found and supported for autowiring
2021-01-11 20:15:28.775  INFO 21200 --- [main] trationDelegate$BeanPostProcessorChecker : Bean 'org.springframework.cloud.autoconfigure.ConfigurationPropertiesRebinderAutoConfiguration' of type [org.springframework.cloud.autoconfigure.ConfigurationPropertiesRebinderAutoConfiguration$$EnhancerBySpringCGLIB$$b08b961a] is not eligible for getting processed by all BeanPostProcessors (for example: not eligible for auto-proxying)
2021-01-11 20:15:28.861  WARN 21200 --- [main] o.s.c.n.a.ArchaiusAutoConfiguration      : No spring.application.name found, defaulting to 'application'
2021-01-11 20:15:28.869  WARN 21200 --- [main] c.n.c.sources.URLConfigurationSource     : No URLs will be polled as dynamic configuration sources.
2021-01-11 20:15:28.876  INFO 21200 --- [main] c.n.c.sources.URLConfigurationSource     : To enable URLs as dynamic configuration sources, define System property archaius.configurationSource.additionalUrls or make config.properties available on classpath.
2021-01-11 20:15:28.884  WARN 21200 --- [main] c.n.c.sources.URLConfigurationSource     : No URLs will be polled as dynamic configuration sources.
2021-01-11 20:15:28.884  INFO 21200 --- [main] c.n.c.sources.URLConfigurationSource     : To enable URLs as dynamic configuration sources, define System property archaius.configurationSource.additionalUrls or make config.properties available on classpath.
2021-01-11 20:15:29.159  INFO 21200 --- [main] o.s.l.c.support.AbstractContextSource    : Property 'userDn' not set - anonymous context will be used for read-write operations
2021-01-11 20:15:31.046  INFO 21200 --- [main] o.s.ui.freemarker.SpringTemplateLoader   : SpringTemplateLoader for FreeMarker: using resource loader [org.springframework.context.annotation.AnnotationConfigApplicationContext@7985f7d2: startup date [Mon Jan 11 20:15:27 CST 2021]; parent: org.springframework.context.annotation.AnnotationConfigApplicationContext@9bda259] and template loader path [classpath:/templates/]
2021-01-11 20:15:32.214  INFO 21200 --- [main] o.s.j.e.a.AnnotationMBeanExporter        : Registering beans for JMX exposure on startup
2021-01-11 20:15:32.226  INFO 21200 --- [main] o.s.j.e.a.AnnotationMBeanExporter        : Bean with name 'environmentManager' has been autodetected for JMX exposure
2021-01-11 20:15:32.227  INFO 21200 --- [main] o.s.j.e.a.AnnotationMBeanExporter        : Bean with name 'refreshScope' has been autodetected for JMX exposure
2021-01-11 20:15:32.228  INFO 21200 --- [main] o.s.j.e.a.AnnotationMBeanExporter        : Bean with name 'configurationPropertiesRebinder' has been autodetected for JMX exposure
2021-01-11 20:15:32.231  INFO 21200 --- [main] o.s.j.e.a.AnnotationMBeanExporter        : Located managed bean 'environmentManager': registering with JMX server as MBean [org.springframework.cloud.context.environment:name=environmentManager,type=EnvironmentManager]
2021-01-11 20:15:32.245  INFO 21200 --- [main] o.s.j.e.a.AnnotationMBeanExporter        : Located managed bean 'refreshScope': registering with JMX server as MBean [org.springframework.cloud.context.scope.refresh:name=refreshScope,type=RefreshScope]
2021-01-11 20:15:32.272  INFO 21200 --- [main] o.s.j.e.a.AnnotationMBeanExporter        : Located managed bean 'configurationPropertiesRebinder': registering with JMX server as MBean [org.springframework.cloud.context.properties:name=configurationPropertiesRebinder,context=7985f7d2,type=ConfigurationPropertiesRebinder]
2021-01-11 20:15:32.294  INFO 21200 --- [main] c.c.f.apollo.assembly.ApolloApplication  : Started ApolloApplication in 7.928 seconds (JVM running for 9.254)
2021-01-11 20:15:32.297  INFO 21200 --- [main] c.c.f.apollo.assembly.ApolloApplication  : application-1 isActive: true
2021-01-11 20:15:32.921  INFO 21200 --- [main] c.c.f.apollo.assembly.ApolloApplication  : The following profiles are active: github,auth
2021-01-11 20:15:32.934  INFO 21200 --- [main] ConfigServletWebServerApplicationContext : Refreshing org.springframework.boot.web.servlet.context.AnnotationConfigServletWebServerApplicationContext@60f58a2e: startup date [Mon Jan 11 20:15:32 CST 2021]; parent: org.springframework.context.annotation.AnnotationConfigApplicationContext@7985f7d2
2021-01-11 20:15:34.736  INFO 21200 --- [main] o.s.b.f.s.DefaultListableBeanFactory     : Overriding bean definition for bean 'dataSource' with a different definition: replacing [Root bean: class [null]; scope=refresh; abstract=false; lazyInit=false; autowireMode=3; dependencyCheck=0; autowireCandidate=false; primary=false; factoryBeanName=org.springframework.boot.autoconfigure.jdbc.DataSourceConfiguration$Hikari; factoryMethodName=dataSource; initMethodName=null; destroyMethodName=(inferred); defined in class path resource [org/springframework/boot/autoconfigure/jdbc/DataSourceConfiguration$Hikari.class]] with [Root bean: class [org.springframework.aop.scope.ScopedProxyFactoryBean]; scope=; abstract=false; lazyInit=false; autowireMode=0; dependencyCheck=0; autowireCandidate=true; primary=false; factoryBeanName=null; factoryMethodName=null; initMethodName=null; destroyMethodName=null; defined in BeanDefinition defined in class path resource [org/springframework/boot/autoconfigure/jdbc/DataSourceConfiguration$Hikari.class]]
2021-01-11 20:15:34.914  INFO 21200 --- [main] o.s.cloud.context.scope.GenericScope     : BeanFactory id=b33941d7-a1f9-31e0-842c-cce7d0e60dc2
2021-01-11 20:15:34.957  INFO 21200 --- [main] f.a.AutowiredAnnotationBeanPostProcessor : JSR-330 'javax.inject.Inject' annotation found and supported for autowiring
2021-01-11 20:15:35.153  INFO 21200 --- [main] trationDelegate$BeanPostProcessorChecker : Bean 'org.springframework.transaction.annotation.ProxyTransactionManagementConfiguration' of type [org.springframework.transaction.annotation.ProxyTransactionManagementConfiguration$$EnhancerBySpringCGLIB$$9471931d] is not eligible for getting processed by all BeanPostProcessors (for example: not eligible for auto-proxying)
2021-01-11 20:15:35.415  INFO 21200 --- [main] trationDelegate$BeanPostProcessorChecker : Bean 'org.springframework.security.config.annotation.configuration.ObjectPostProcessorConfiguration' of type [org.springframework.security.config.annotation.configuration.ObjectPostProcessorConfiguration$$EnhancerBySpringCGLIB$$2d1f5b57] is not eligible for getting processed by all BeanPostProcessors (for example: not eligible for auto-proxying)
2021-01-11 20:15:35.430  INFO 21200 --- [main] trationDelegate$BeanPostProcessorChecker : Bean 'objectPostProcessor' of type [org.springframework.security.config.annotation.configuration.AutowireBeanFactoryObjectPostProcessor] is not eligible for getting processed by all BeanPostProcessors (for example: not eligible for auto-proxying)
2021-01-11 20:15:35.432  INFO 21200 --- [main] trationDelegate$BeanPostProcessorChecker : Bean 'org.springframework.security.access.expression.method.DefaultMethodSecurityExpressionHandler@3e6ecb2f' of type [org.springframework.security.access.expression.method.DefaultMethodSecurityExpressionHandler] is not eligible for getting processed by all BeanPostProcessors (for example: not eligible for auto-proxying)
2021-01-11 20:15:35.442  INFO 21200 --- [main] trationDelegate$BeanPostProcessorChecker : Bean 'org.springframework.security.config.annotation.method.configuration.GlobalMethodSecurityConfiguration' of type [org.springframework.security.config.annotation.method.configuration.GlobalMethodSecurityConfiguration$$EnhancerBySpringCGLIB$$51f3fe09] is not eligible for getting processed by all BeanPostProcessors (for example: not eligible for auto-proxying)
2021-01-11 20:15:35.455  INFO 21200 --- [main] trationDelegate$BeanPostProcessorChecker : Bean 'methodSecurityMetadataSource' of type [org.springframework.security.access.method.DelegatingMethodSecurityMetadataSource] is not eligible for getting processed by all BeanPostProcessors (for example: not eligible for auto-proxying)
2021-01-11 20:15:35.505  INFO 21200 --- [main] trationDelegate$BeanPostProcessorChecker : Bean 'org.springframework.cloud.autoconfigure.ConfigurationPropertiesRebinderAutoConfiguration' of type [org.springframework.cloud.autoconfigure.ConfigurationPropertiesRebinderAutoConfiguration$$EnhancerBySpringCGLIB$$b08b961a] is not eligible for getting processed by all BeanPostProcessors (for example: not eligible for auto-proxying)
2021-01-11 20:15:36.191  INFO 21200 --- [main] o.s.b.w.embedded.tomcat.TomcatWebServer  : Tomcat initialized with port(s): 8070 (http)
2021-01-11 20:15:36.255  INFO 21200 --- [main] o.apache.catalina.core.StandardService   : Starting service [Tomcat]
2021-01-11 20:15:36.255  INFO 21200 --- [main] org.apache.catalina.core.StandardEngine  : Starting Servlet Engine: Apache Tomcat/8.5.34
2021-01-11 20:15:36.274  INFO 21200 --- [localhost-startStop-1] o.a.catalina.core.AprLifecycleListener   : The APR based Apache Tomcat Native library which allows optimal performance in production environments was not found on the java.library.path: [D:\java\jdk\bin;C:\Windows\Sun\Java\bin;C:\Windows\system32;C:\Windows;C:\Users\A\bin;D:\Git\Git\mingw64\bin;D:\Git\Git\usr\local\bin;D:\Git\Git\usr\bin;D:\Git\Git\usr\bin;D:\Git\Git\mingw64\bin;D:\Git\Git\usr\bin;C:\Users\A\bin;D:\oracle\product\11.2.0\dbhome_1\bin;C:\Windows\system32;C:\Windows;C:\Windows\System32\Wbem;C:\Windows\System32\WindowsPowerShell\v1.0;C:\Windows\System32\OpenSSH;D:\SVN\bin;D:\nodejs;C:\ProgramData\chocolatey\bin;D:\nodejs\node_global;D:\java\jdk\bin;D:\maven\apache-maven-3.6.3\bin;C:\Program Files\MySQL\MySQL Server 5.7\bin;D:\rabbmitmq\erl10.4\bin;D:\java\jdk\bin;D:\idea\IntelliJ IDEA 2019.3\bin；D;D:\Git\Git\mysql\mysql-5.6.29-winx64\bin;D:\vscode\Microsoft VS Code\bin;C:\Users\A\AppData\Roaming\npm;D:\Git\Git\usr\bin\vendor_perl;D:\Git\Git\usr\bin\core_perl;.]
2021-01-11 20:15:36.469  INFO 21200 --- [localhost-startStop-1] o.a.c.c.C.[Tomcat].[localhost].[/]       : Initializing Spring embedded WebApplicationContext
2021-01-11 20:15:36.469  INFO 21200 --- [localhost-startStop-1] o.s.web.context.ContextLoader            : Root WebApplicationContext: initialization completed in 3535 ms
2021-01-11 20:15:37.197  INFO 21200 --- [localhost-startStop-1] com.zaxxer.hikari.HikariDataSource       : HikariPool-1 - Starting...
2021-01-11 20:15:38.357  INFO 21200 --- [localhost-startStop-1] com.zaxxer.hikari.HikariDataSource       : HikariPool-1 - Start completed.
2021-01-11 20:15:38.519  INFO 21200 --- [localhost-startStop-1] j.LocalContainerEntityManagerFactoryBean : Building JPA container EntityManagerFactory for persistence unit 'default'
2021-01-11 20:15:38.608  INFO 21200 --- [localhost-startStop-1] o.hibernate.jpa.internal.util.LogHelper  : HHH000204: Processing PersistenceUnitInfo [
	name: default
	...]
2021-01-11 20:15:38.893  INFO 21200 --- [localhost-startStop-1] org.hibernate.Version                    : HHH000412: Hibernate Core {5.2.17.Final}
2021-01-11 20:15:38.898  INFO 21200 --- [localhost-startStop-1] org.hibernate.cfg.Environment            : HHH000206: hibernate.properties not found
2021-01-11 20:15:39.015  INFO 21200 --- [localhost-startStop-1] o.hibernate.annotations.common.Version   : HCANN000001: Hibernate Commons Annotations {5.0.1.Final}
2021-01-11 20:15:39.462  INFO 21200 --- [localhost-startStop-1] org.hibernate.dialect.Dialect            : HHH000400: Using dialect: org.hibernate.dialect.MySQL5Dialect
2021-01-11 20:15:40.911  INFO 21200 --- [localhost-startStop-1] j.LocalContainerEntityManagerFactoryBean : Initialized JPA EntityManagerFactory for persistence unit 'default'
2021-01-11 20:15:41.641  INFO 21200 --- [localhost-startStop-1] o.h.h.i.QueryTranslatorFactoryInitiator  : HHH000397: Using ASTQueryTranslatorFactory
2021-01-11 20:15:42.287  INFO 21200 --- [localhost-startStop-1] c.c.f.a.p.s.PortalDBPropertySource       : Load config from DB : apollo.portal.envs = dev
2021-01-11 20:15:42.288  INFO 21200 --- [localhost-startStop-1] c.c.f.a.p.s.PortalDBPropertySource       : Load config from DB : organizations = [{"orgId":"TEST1","orgName":"样例部门1"},{"orgId":"TEST2","orgName":"样例部门2"}]. Old value = null
2021-01-11 20:15:42.288  INFO 21200 --- [localhost-startStop-1] c.c.f.a.p.s.PortalDBPropertySource       : Load config from DB : superAdmin = apollo. Old value = null
2021-01-11 20:15:42.288  INFO 21200 --- [localhost-startStop-1] c.c.f.a.p.s.PortalDBPropertySource       : Load config from DB : api.readTimeout = 10000. Old value = null
2021-01-11 20:15:42.288  INFO 21200 --- [localhost-startStop-1] c.c.f.a.p.s.PortalDBPropertySource       : Load config from DB : consumer.token.salt = someSalt. Old value = null
2021-01-11 20:15:42.288  INFO 21200 --- [localhost-startStop-1] c.c.f.a.p.s.PortalDBPropertySource       : Load config from DB : admin.createPrivateNamespace.switch = true. Old value = null
2021-01-11 20:15:42.288  INFO 21200 --- [localhost-startStop-1] c.c.f.a.p.s.PortalDBPropertySource       : Load config from DB : configView.memberOnly.envs = pro. Old value = null
2021-01-11 20:15:42.288  INFO 21200 --- [localhost-startStop-1] c.c.f.a.p.s.PortalDBPropertySource       : Load config from DB : apollo.portal.meta.servers = {}. Old value = null
2021-01-11 20:15:42.702  INFO 21200 --- [localhost-startStop-1] o.s.s.p.JdbcUserDetailsManager           : No authentication manager set. Reauthentication of users when changing passwords will not be performed.
2021-01-11 20:15:44.554  INFO 21200 --- [localhost-startStop-1] o.s.b.w.servlet.FilterRegistrationBean   : Mapping filter: 'characterEncodingFilter' to: [/*]
2021-01-11 20:15:44.554  INFO 21200 --- [localhost-startStop-1] o.s.b.w.servlet.FilterRegistrationBean   : Mapping filter: 'webMvcMetricsFilter' to: [/*]
2021-01-11 20:15:44.556  INFO 21200 --- [localhost-startStop-1] o.s.b.w.servlet.FilterRegistrationBean   : Mapping filter: 'hiddenHttpMethodFilter' to: [/*]
2021-01-11 20:15:44.557  INFO 21200 --- [localhost-startStop-1] o.s.b.w.servlet.FilterRegistrationBean   : Mapping filter: 'httpPutFormContentFilter' to: [/*]
2021-01-11 20:15:44.557  INFO 21200 --- [localhost-startStop-1] o.s.b.w.servlet.FilterRegistrationBean   : Mapping filter: 'requestContextFilter' to: [/*]
2021-01-11 20:15:44.558  INFO 21200 --- [localhost-startStop-1] .s.DelegatingFilterProxyRegistrationBean : Mapping filter: 'springSecurityFilterChain' to: [/*]
2021-01-11 20:15:44.558  INFO 21200 --- [localhost-startStop-1] o.s.b.w.servlet.FilterRegistrationBean   : Mapping filter: 'httpTraceFilter' to: [/*]
2021-01-11 20:15:44.558  INFO 21200 --- [localhost-startStop-1] o.s.b.w.servlet.FilterRegistrationBean   : Mapping filter: 'encodingFilter' to urls: [/*]
2021-01-11 20:15:44.558  INFO 21200 --- [localhost-startStop-1] o.s.b.w.servlet.FilterRegistrationBean   : Mapping filter: 'consumerAuthenticationFilter' to urls: [/openapi/*]
2021-01-11 20:15:44.558  INFO 21200 --- [localhost-startStop-1] o.s.b.w.servlet.ServletRegistrationBean  : Servlet dispatcherServlet mapped to [/]
2021-01-11 20:15:45.203  INFO 21200 --- [main] f.a.p.e.DatabasePortalMetaServerProvider : Loaded meta server addresses from portal config: {}
2021-01-11 20:15:45.210  INFO 21200 --- [main] .f.a.p.e.DefaultPortalMetaServerProvider : Loaded meta server addresses from system property, os environment and properties file: {UAT=${uat_meta}, PRO=${pro_meta}, LPT=${lpt_meta}, DEV=http://localhost:8080, FAT=${fat_meta}, LOCAL=http://localhost:8080}
2021-01-11 20:15:46.535  INFO 21200 --- [Apollo-ServiceLocator-1] c.c.f.a.p.e.PortalMetaDomainService      : Located meta server address [http://localhost:8080] for env [DEV]
2021-01-11 20:15:46.701 ERROR 21200 --- [Apollo-EnvHealthChecker-1] c.c.f.a.portal.component.PortalSettings  : Env health check failed, maybe because of meta server down or configure wrong meta server address. env: DEV, meta server address: http://localhost:8080

com.ctrip.framework.apollo.common.exception.ServiceException: No available admin server. Maybe because of meta server down or all admin server down. Meta server address: http://localhost:8080
	at com.ctrip.framework.apollo.portal.component.RetryableRestTemplate.getAdminServices(RetryableRestTemplate.java:212)
	at com.ctrip.framework.apollo.portal.component.RetryableRestTemplate.execute(RetryableRestTemplate.java:116)
	at com.ctrip.framework.apollo.portal.component.RetryableRestTemplate.get(RetryableRestTemplate.java:82)
	at com.ctrip.framework.apollo.portal.api.AdminServiceAPI$HealthAPI.health(AdminServiceAPI.java:27)
	at com.ctrip.framework.apollo.portal.component.PortalSettings$HealthCheckTask.isUp(PortalSettings.java:132)
	at com.ctrip.framework.apollo.portal.component.PortalSettings$HealthCheckTask.run(PortalSettings.java:108)
	at java.util.concurrent.Executors$RunnableAdapter.call(Executors.java:511)
	at java.util.concurrent.FutureTask.runAndReset(FutureTask.java:308)
	at java.util.concurrent.ScheduledThreadPoolExecutor$ScheduledFutureTask.access$301(ScheduledThreadPoolExecutor.java:180)
	at java.util.concurrent.ScheduledThreadPoolExecutor$ScheduledFutureTask.run(ScheduledThreadPoolExecutor.java:294)
	at java.util.concurrent.ThreadPoolExecutor.runWorker(ThreadPoolExecutor.java:1149)
	at java.util.concurrent.ThreadPoolExecutor$Worker.run(ThreadPoolExecutor.java:624)
	at java.lang.Thread.run(Thread.java:748)

2021-01-11 20:15:46.701 ERROR 21200 --- [Apollo-EnvHealthChecker-1] c.c.f.a.portal.component.PortalSettings  : Env health check failed for 1 times which less than down threshold. down threshold:2, env: DEV, meta server address: http://localhost:8080
2021-01-11 20:15:47.553  INFO 21200 --- [main] o.s.s.web.DefaultSecurityFilterChain     : Creating filter chain: org.springframework.security.web.util.matcher.AnyRequestMatcher@1, [org.springframework.security.web.context.request.async.WebAsyncManagerIntegrationFilter@54b6e567, org.springframework.security.web.context.SecurityContextPersistenceFilter@250ec0b3, org.springframework.security.web.header.HeaderWriterFilter@32226cdc, org.springframework.security.web.authentication.logout.LogoutFilter@1b27f4e4, org.springframework.security.web.authentication.UsernamePasswordAuthenticationFilter@278f3f5c, org.springframework.security.web.authentication.www.BasicAuthenticationFilter@15f94dc8, org.springframework.security.web.savedrequest.RequestCacheAwareFilter@d47a075, org.springframework.security.web.servletapi.SecurityContextHolderAwareRequestFilter@3af86d69, org.springframework.security.web.authentication.AnonymousAuthenticationFilter@7232ceda, org.springframework.security.web.session.SessionManagementFilter@4b539ec7, org.springframework.security.web.access.ExceptionTranslationFilter@3ffe96a1, org.springframework.security.web.access.intercept.FilterSecurityInterceptor@626a7893]
2021-01-11 20:15:47.689  WARN 21200 --- [main] o.s.c.n.a.ArchaiusAutoConfiguration      : Netflix ConfigurationManager has already been installed, unable to re-install
2021-01-11 20:15:47.911  INFO 21200 --- [main] o.s.w.s.handler.SimpleUrlHandlerMapping  : Mapped URL path [/**/favicon.ico] onto handler of type [class org.springframework.web.servlet.resource.ResourceHttpRequestHandler]
2021-01-11 20:15:48.145  INFO 21200 --- [main] s.w.s.m.m.a.RequestMappingHandlerAdapter : Looking for @ControllerAdvice: org.springframework.boot.web.servlet.context.AnnotationConfigServletWebServerApplicationContext@60f58a2e: startup date [Mon Jan 11 20:15:32 CST 2021]; parent: org.springframework.context.annotation.AnnotationConfigApplicationContext@7985f7d2
2021-01-11 20:15:48.259  WARN 21200 --- [main] aWebConfiguration$JpaWebMvcConfiguration : spring.jpa.open-in-view is enabled by default. Therefore, database queries may be performed during view rendering. Explicitly configure spring.jpa.open-in-view to disable this warning
2021-01-11 20:15:48.363  INFO 21200 --- [main] s.w.s.m.m.a.RequestMappingHandlerMapping : Mapped "{[/apollo/version]}" onto public java.lang.String com.ctrip.framework.apollo.common.controller.ApolloInfoController.getVersion()
2021-01-11 20:15:48.364  INFO 21200 --- [main] s.w.s.m.m.a.RequestMappingHandlerMapping : Mapped "{[/apollo/net]}" onto public java.lang.String com.ctrip.framework.apollo.common.controller.ApolloInfoController.getNet()
2021-01-11 20:15:48.365  INFO 21200 --- [main] s.w.s.m.m.a.RequestMappingHandlerMapping : Mapped "{[/apollo/app]}" onto public java.lang.String com.ctrip.framework.apollo.common.controller.ApolloInfoController.getApp()
2021-01-11 20:15:48.365  INFO 21200 --- [main] s.w.s.m.m.a.RequestMappingHandlerMapping : Mapped "{[/apollo/server]}" onto public java.lang.String com.ctrip.framework.apollo.common.controller.ApolloInfoController.getServer()
2021-01-11 20:15:48.371  INFO 21200 --- [main] s.w.s.m.m.a.RequestMappingHandlerMapping : Mapped "{[/sso_heartbeat],methods=[GET]}" onto public void com.ctrip.framework.apollo.portal.controller.SsoHeartbeatController.heartbeat(javax.servlet.http.HttpServletRequest,javax.servlet.http.HttpServletResponse)
2021-01-11 20:15:48.381  INFO 21200 --- [main] s.w.s.m.m.a.RequestMappingHandlerMapping : Mapped "{[/system/role/manageAppMaster],methods=[GET]}" onto public com.google.gson.JsonObject com.ctrip.framework.apollo.portal.controller.PermissionController.isManageAppMasterPermissionEnabled()
2021-01-11 20:15:48.382  INFO 21200 --- [main] s.w.s.m.m.a.RequestMappingHandlerMapping : Mapped "{[/system/role/createApplication/{userId}],methods=[DELETE]}" onto public org.springframework.http.ResponseEntity<java.lang.Void> com.ctrip.framework.apollo.portal.controller.PermissionController.deleteCreateApplicationRoleFromUser(java.lang.String)
2021-01-11 20:15:48.382  INFO 21200 --- [main] s.w.s.m.m.a.RequestMappingHandlerMapping : Mapped "{[/permissions/root],methods=[GET]}" onto public org.springframework.http.ResponseEntity<com.ctrip.framework.apollo.portal.entity.vo.PermissionCondition> com.ctrip.framework.apollo.portal.controller.PermissionController.hasRootPermission()
2021-01-11 20:15:48.382  INFO 21200 --- [main] s.w.s.m.m.a.RequestMappingHandlerMapping : Mapped "{[/apps/{appId}/envs/{env}/namespaces/{namespaceName}/roles/{roleType}],methods=[POST]}" onto public org.springframework.http.ResponseEntity<java.lang.Void> com.ctrip.framework.apollo.portal.controller.PermissionController.assignNamespaceEnvRoleToUser(java.lang.String,java.lang.String,java.lang.String,java.lang.String,java.lang.String)
2021-01-11 20:15:48.384  INFO 21200 --- [main] s.w.s.m.m.a.RequestMappingHandlerMapping : Mapped "{[/apps/{appId}/envs/{env}/namespaces/{namespaceName}/roles/{roleType}],methods=[DELETE]}" onto public org.springframework.http.ResponseEntity<java.lang.Void> com.ctrip.framework.apollo.portal.controller.PermissionController.removeNamespaceEnvRoleFromUser(java.lang.String,java.lang.String,java.lang.String,java.lang.String,java.lang.String)
2021-01-11 20:15:48.384  INFO 21200 --- [main] s.w.s.m.m.a.RequestMappingHandlerMapping : Mapped "{[/apps/{appId}/namespaces/{namespaceName}/role_users],methods=[GET]}" onto public com.ctrip.framework.apollo.portal.entity.vo.NamespaceRolesAssignedUsers com.ctrip.framework.apollo.portal.controller.PermissionController.getNamespaceRoles(java.lang.String,java.lang.String)
2021-01-11 20:15:48.385  INFO 21200 --- [main] s.w.s.m.m.a.RequestMappingHandlerMapping : Mapped "{[/apps/{appId}/initPermission],methods=[POST]}" onto public org.springframework.http.ResponseEntity<java.lang.Void> com.ctrip.framework.apollo.portal.controller.PermissionController.initAppPermission(java.lang.String,java.lang.String)
2021-01-11 20:15:48.386  INFO 21200 --- [main] s.w.s.m.m.a.RequestMappingHandlerMapping : Mapped "{[/apps/{appId}/namespaces/{namespaceName}/roles/{roleType}],methods=[POST]}" onto public org.springframework.http.ResponseEntity<java.lang.Void> com.ctrip.framework.apollo.portal.controller.PermissionController.assignNamespaceRoleToUser(java.lang.String,java.lang.String,java.lang.String,java.lang.String)
2021-01-11 20:15:48.386  INFO 21200 --- [main] s.w.s.m.m.a.RequestMappingHandlerMapping : Mapped "{[/apps/{appId}/namespaces/{namespaceName}/roles/{roleType}],methods=[DELETE]}" onto public org.springframework.http.ResponseEntity<java.lang.Void> com.ctrip.framework.apollo.portal.controller.PermissionController.removeNamespaceRoleFromUser(java.lang.String,java.lang.String,java.lang.String,java.lang.String)
2021-01-11 20:15:48.386  INFO 21200 --- [main] s.w.s.m.m.a.RequestMappingHandlerMapping : Mapped "{[/apps/{appId}/envs/{env}/namespaces/{namespaceName}/role_users],methods=[GET]}" onto public com.ctrip.framework.apollo.portal.entity.vo.NamespaceEnvRolesAssignedUsers com.ctrip.framework.apollo.portal.controller.PermissionController.getNamespaceEnvRoles(java.lang.String,java.lang.String,java.lang.String)
2021-01-11 20:15:48.386  INFO 21200 --- [main] s.w.s.m.m.a.RequestMappingHandlerMapping : Mapped "{[/apps/{appId}/roles/{roleType}],methods=[POST]}" onto public org.springframework.http.ResponseEntity<java.lang.Void> com.ctrip.framework.apollo.portal.controller.PermissionController.assignAppRoleToUser(java.lang.String,java.lang.String,java.lang.String)
2021-01-11 20:15:48.387  INFO 21200 --- [main] s.w.s.m.m.a.RequestMappingHandlerMapping : Mapped "{[/apps/{appId}/roles/{roleType}],methods=[DELETE]}" onto public org.springframework.http.ResponseEntity<java.lang.Void> com.ctrip.framework.apollo.portal.controller.PermissionController.removeAppRoleFromUser(java.lang.String,java.lang.String,java.lang.String)
2021-01-11 20:15:48.387  INFO 21200 --- [main] s.w.s.m.m.a.RequestMappingHandlerMapping : Mapped "{[/system/role/createApplication],methods=[POST]}" onto public org.springframework.http.ResponseEntity<java.lang.Void> com.ctrip.framework.apollo.portal.controller.PermissionController.addCreateApplicationRoleToUser(java.util.List<java.lang.String>)
2021-01-11 20:15:48.388  INFO 21200 --- [main] s.w.s.m.m.a.RequestMappingHandlerMapping : Mapped "{[/system/role/createApplication],methods=[GET]}" onto public java.util.List<java.lang.String> com.ctrip.framework.apollo.portal.controller.PermissionController.getCreateApplicationRoleUsers()
2021-01-11 20:15:48.388  INFO 21200 --- [main] s.w.s.m.m.a.RequestMappingHandlerMapping : Mapped "{[/apps/{appId}/system/master/{userId}],methods=[DELETE]}" onto public org.springframework.http.ResponseEntity<java.lang.Void> com.ctrip.framework.apollo.portal.controller.PermissionController.forbidManageAppMaster(java.lang.String,java.lang.String)
2021-01-11 20:15:48.388  INFO 21200 --- [main] s.w.s.m.m.a.RequestMappingHandlerMapping : Mapped "{[/system/role/createApplication/{userId}],methods=[GET]}" onto public com.google.gson.JsonObject com.ctrip.framework.apollo.portal.controller.PermissionController.hasCreateApplicationPermission(java.lang.String)
2021-01-11 20:15:48.388  INFO 21200 --- [main] s.w.s.m.m.a.RequestMappingHandlerMapping : Mapped "{[/apps/{appId}/system/master/{userId}],methods=[POST]}" onto public org.springframework.http.ResponseEntity<java.lang.Void> com.ctrip.framework.apollo.portal.controller.PermissionController.addManageAppMasterRoleToUser(java.lang.String,java.lang.String)
2021-01-11 20:15:48.388  INFO 21200 --- [main] s.w.s.m.m.a.RequestMappingHandlerMapping : Mapped "{[/apps/{appId}/namespaces/{namespaceName}/permissions/{permissionType}],methods=[GET]}" onto public org.springframework.http.ResponseEntity<com.ctrip.framework.apollo.portal.entity.vo.PermissionCondition> com.ctrip.framework.apollo.portal.controller.PermissionController.hasPermission(java.lang.String,java.lang.String,java.lang.String)
2021-01-11 20:15:48.389  INFO 21200 --- [main] s.w.s.m.m.a.RequestMappingHandlerMapping : Mapped "{[/apps/{appId}/envs/{env}/namespaces/{namespaceName}/permissions/{permissionType}],methods=[GET]}" onto public org.springframework.http.ResponseEntity<com.ctrip.framework.apollo.portal.entity.vo.PermissionCondition> com.ctrip.framework.apollo.portal.controller.PermissionController.hasPermission(java.lang.String,java.lang.String,java.lang.String,java.lang.String)
2021-01-11 20:15:48.389  INFO 21200 --- [main] s.w.s.m.m.a.RequestMappingHandlerMapping : Mapped "{[/apps/{appId}/permissions/{permissionType}],methods=[GET]}" onto public org.springframework.http.ResponseEntity<com.ctrip.framework.apollo.portal.entity.vo.PermissionCondition> com.ctrip.framework.apollo.portal.controller.PermissionController.hasPermission(java.lang.String,java.lang.String)
2021-01-11 20:15:48.389  INFO 21200 --- [main] s.w.s.m.m.a.RequestMappingHandlerMapping : Mapped "{[/apps/{appId}/role_users],methods=[GET]}" onto public com.ctrip.framework.apollo.portal.entity.vo.AppRolesAssignedUsers com.ctrip.framework.apollo.portal.controller.PermissionController.getAppRoles(java.lang.String)
2021-01-11 20:15:48.390  INFO 21200 --- [main] s.w.s.m.m.a.RequestMappingHandlerMapping : Mapped "{[/prefix-path],methods=[GET]}" onto public java.lang.String com.ctrip.framework.apollo.portal.controller.PrefixPathController.getPrefixPath()
2021-01-11 20:15:48.393  INFO 21200 --- [main] s.w.s.m.m.a.RequestMappingHandlerMapping : Mapped "{[/apps/{appId}/envs/{env}/accesskeys/{id}/disable],methods=[PUT]}" onto public void com.ctrip.framework.apollo.portal.controller.AccessKeyController.disable(java.lang.String,java.lang.String,long)
2021-01-11 20:15:48.394  INFO 21200 --- [main] s.w.s.m.m.a.RequestMappingHandlerMapping : Mapped "{[/apps/{appId}/envs/{env}/accesskeys/{id}/enable],methods=[PUT]}" onto public void com.ctrip.framework.apollo.portal.controller.AccessKeyController.enable(java.lang.String,java.lang.String,long)
2021-01-11 20:15:48.394  INFO 21200 --- [main] s.w.s.m.m.a.RequestMappingHandlerMapping : Mapped "{[/apps/{appId}/envs/{env}/accesskeys/{id}],methods=[DELETE]}" onto public void com.ctrip.framework.apollo.portal.controller.AccessKeyController.delete(java.lang.String,java.lang.String,long)
2021-01-11 20:15:48.394  INFO 21200 --- [main] s.w.s.m.m.a.RequestMappingHandlerMapping : Mapped "{[/apps/{appId}/envs/{env}/accesskeys],methods=[POST]}" onto public com.ctrip.framework.apollo.common.dto.AccessKeyDTO com.ctrip.framework.apollo.portal.controller.AccessKeyController.save(java.lang.String,java.lang.String,com.ctrip.framework.apollo.common.dto.AccessKeyDTO)
2021-01-11 20:15:48.395  INFO 21200 --- [main] s.w.s.m.m.a.RequestMappingHandlerMapping : Mapped "{[/apps/{appId}/envs/{env}/accesskeys],methods=[GET]}" onto public java.util.List<com.ctrip.framework.apollo.common.dto.AccessKeyDTO> com.ctrip.framework.apollo.portal.controller.AccessKeyController.findByAppId(java.lang.String,java.lang.String)
2021-01-11 20:15:48.398  INFO 21200 --- [main] s.w.s.m.m.a.RequestMappingHandlerMapping : Mapped "{[/envs/{env}/instances/by-namespace-and-releases-not-in],methods=[GET]}" onto public java.util.List<com.ctrip.framework.apollo.common.dto.InstanceDTO> com.ctrip.framework.apollo.portal.controller.InstanceController.getByReleasesNotIn(java.lang.String,java.lang.String,java.lang.String,java.lang.String,java.lang.String)
2021-01-11 20:15:48.399  INFO 21200 --- [main] s.w.s.m.m.a.RequestMappingHandlerMapping : Mapped "{[/envs/{env}/instances/by-namespace/count],methods=[GET]}" onto public org.springframework.http.ResponseEntity<com.ctrip.framework.apollo.portal.entity.vo.Number> com.ctrip.framework.apollo.portal.controller.InstanceController.getInstanceCountByNamespace(java.lang.String,java.lang.String,java.lang.String,java.lang.String)
2021-01-11 20:15:48.400  INFO 21200 --- [main] s.w.s.m.m.a.RequestMappingHandlerMapping : Mapped "{[/envs/{env}/instances/by-namespace],methods=[GET]}" onto public com.ctrip.framework.apollo.common.dto.PageDTO<com.ctrip.framework.apollo.common.dto.InstanceDTO> com.ctrip.framework.apollo.portal.controller.InstanceController.getByNamespace(java.lang.String,java.lang.String,java.lang.String,java.lang.String,java.lang.String,int,int)
2021-01-11 20:15:48.401  INFO 21200 --- [main] s.w.s.m.m.a.RequestMappingHandlerMapping : Mapped "{[/envs/{env}/instances/by-release],methods=[GET]}" onto public com.ctrip.framework.apollo.common.dto.PageDTO<com.ctrip.framework.apollo.common.dto.InstanceDTO> com.ctrip.framework.apollo.portal.controller.InstanceController.getByRelease(java.lang.String,long,int,int)
2021-01-11 20:15:48.402  INFO 21200 --- [main] s.w.s.m.m.a.RequestMappingHandlerMapping : Mapped "{[/favorites/{favoriteId}],methods=[PUT]}" onto public void com.ctrip.framework.apollo.portal.controller.FavoriteController.toTop(long)
2021-01-11 20:15:48.402  INFO 21200 --- [main] s.w.s.m.m.a.RequestMappingHandlerMapping : Mapped "{[/favorites],methods=[POST]}" onto public com.ctrip.framework.apollo.portal.entity.po.Favorite com.ctrip.framework.apollo.portal.controller.FavoriteController.addFavorite(com.ctrip.framework.apollo.portal.entity.po.Favorite)
2021-01-11 20:15:48.402  INFO 21200 --- [main] s.w.s.m.m.a.RequestMappingHandlerMapping : Mapped "{[/favorites/{favoriteId}],methods=[DELETE]}" onto public void com.ctrip.framework.apollo.portal.controller.FavoriteController.deleteFavorite(long)
2021-01-11 20:15:48.404  INFO 21200 --- [main] s.w.s.m.m.a.RequestMappingHandlerMapping : Mapped "{[/favorites],methods=[GET]}" onto public java.util.List<com.ctrip.framework.apollo.portal.entity.po.Favorite> com.ctrip.framework.apollo.portal.controller.FavoriteController.findFavorites(java.lang.String,java.lang.String,org.springframework.data.domain.Pageable)
2021-01-11 20:15:48.406  INFO 21200 --- [main] s.w.s.m.m.a.RequestMappingHandlerMapping : Mapped "{[/apps/{appId}/envs/{env}/clusters/{clusterName}/namespaces/{namespaceName}/items/export],methods=[GET]}" onto public void com.ctrip.framework.apollo.portal.controller.ConfigsExportController.exportItems(java.lang.String,java.lang.String,java.lang.String,java.lang.String,javax.servlet.http.HttpServletResponse)
2021-01-11 20:15:48.406  INFO 21200 --- [main] s.w.s.m.m.a.RequestMappingHandlerMapping : Mapped "{[/export],methods=[GET]}" onto public void com.ctrip.framework.apollo.portal.controller.ConfigsExportController.exportAll(javax.servlet.http.HttpServletRequest,javax.servlet.http.HttpServletResponse) throws java.io.IOException
2021-01-11 20:15:48.408  INFO 21200 --- [main] s.w.s.m.m.a.RequestMappingHandlerMapping : Mapped "{[/apps/{appId}/envs/{env}/clusters/{clusterName}/namespaces/{namespaceName}/branches/{branchName}/merge],methods=[POST]}" onto public com.ctrip.framework.apollo.common.dto.ReleaseDTO com.ctrip.framework.apollo.portal.controller.NamespaceBranchController.merge(java.lang.String,java.lang.String,java.lang.String,java.lang.String,java.lang.String,boolean,com.ctrip.framework.apollo.portal.entity.model.NamespaceReleaseModel)
2021-01-11 20:15:48.408  INFO 21200 --- [main] s.w.s.m.m.a.RequestMappingHandlerMapping : Mapped "{[/apps/{appId}/envs/{env}/clusters/{clusterName}/namespaces/{namespaceName}/branches/{branchName}/rules],methods=[PUT]}" onto public void com.ctrip.framework.apollo.portal.controller.NamespaceBranchController.updateBranchRules(java.lang.String,java.lang.String,java.lang.String,java.lang.String,java.lang.String,com.ctrip.framework.apollo.common.dto.GrayReleaseRuleDTO)
2021-01-11 20:15:48.408  INFO 21200 --- [main] s.w.s.m.m.a.RequestMappingHandlerMapping : Mapped "{[/apps/{appId}/envs/{env}/clusters/{clusterName}/namespaces/{namespaceName}/branches/{branchName}/rules],methods=[GET]}" onto public com.ctrip.framework.apollo.common.dto.GrayReleaseRuleDTO com.ctrip.framework.apollo.portal.controller.NamespaceBranchController.getBranchGrayRules(java.lang.String,java.lang.String,java.lang.String,java.lang.String,java.lang.String)
2021-01-11 20:15:48.410  INFO 21200 --- [main] s.w.s.m.m.a.RequestMappingHandlerMapping : Mapped "{[/apps/{appId}/envs/{env}/clusters/{clusterName}/namespaces/{namespaceName}/branches/{branchName}],methods=[DELETE]}" onto public void com.ctrip.framework.apollo.portal.controller.NamespaceBranchController.deleteBranch(java.lang.String,java.lang.String,java.lang.String,java.lang.String,java.lang.String)
2021-01-11 20:15:48.411  INFO 21200 --- [main] s.w.s.m.m.a.RequestMappingHandlerMapping : Mapped "{[/apps/{appId}/envs/{env}/clusters/{clusterName}/namespaces/{namespaceName}/branches],methods=[GET]}" onto public com.ctrip.framework.apollo.portal.entity.bo.NamespaceBO com.ctrip.framework.apollo.portal.controller.NamespaceBranchController.findBranch(java.lang.String,java.lang.String,java.lang.String,java.lang.String)
2021-01-11 20:15:48.411  INFO 21200 --- [main] s.w.s.m.m.a.RequestMappingHandlerMapping : Mapped "{[/apps/{appId}/envs/{env}/clusters/{clusterName}/namespaces/{namespaceName}/branches],methods=[POST]}" onto public com.ctrip.framework.apollo.common.dto.NamespaceDTO com.ctrip.framework.apollo.portal.controller.NamespaceBranchController.createBranch(java.lang.String,java.lang.String,java.lang.String,java.lang.String)
2021-01-11 20:15:48.418  INFO 21200 --- [main] s.w.s.m.m.a.RequestMappingHandlerMapping : Mapped "{[/apps/{appId:.+}],methods=[PUT]}" onto public void com.ctrip.framework.apollo.portal.controller.AppController.update(java.lang.String,com.ctrip.framework.apollo.portal.entity.model.AppModel)
2021-01-11 20:15:48.419  INFO 21200 --- [main] s.w.s.m.m.a.RequestMappingHandlerMapping : Mapped "{[/apps/{appId:.+}],methods=[GET]}" onto public com.ctrip.framework.apollo.common.entity.App com.ctrip.framework.apollo.portal.controller.AppController.load(java.lang.String)
2021-01-11 20:15:48.419  INFO 21200 --- [main] s.w.s.m.m.a.RequestMappingHandlerMapping : Mapped "{[/apps/envs/{env}],methods=[POST],consumes=[application/json]}" onto public org.springframework.http.ResponseEntity<java.lang.Void> com.ctrip.framework.apollo.portal.controller.AppController.create(java.lang.String,com.ctrip.framework.apollo.common.entity.App)
2021-01-11 20:15:48.420  INFO 21200 --- [main] s.w.s.m.m.a.RequestMappingHandlerMapping : Mapped "{[/apps],methods=[POST]}" onto public com.ctrip.framework.apollo.common.entity.App com.ctrip.framework.apollo.portal.controller.AppController.create(com.ctrip.framework.apollo.portal.entity.model.AppModel)
2021-01-11 20:15:48.420  INFO 21200 --- [main] s.w.s.m.m.a.RequestMappingHandlerMapping : Mapped "{[/apps/search/by-appid-or-name],methods=[GET]}" onto public com.ctrip.framework.apollo.common.dto.PageDTO<com.ctrip.framework.apollo.common.entity.App> com.ctrip.framework.apollo.portal.controller.AppController.searchByAppIdOrAppName(java.lang.String,org.springframework.data.domain.Pageable)
2021-01-11 20:15:48.420  INFO 21200 --- [main] s.w.s.m.m.a.RequestMappingHandlerMapping : Mapped "{[/apps/{appId:.+}],methods=[DELETE]}" onto public void com.ctrip.framework.apollo.portal.controller.AppController.deleteApp(java.lang.String)
2021-01-11 20:15:48.420  INFO 21200 --- [main] s.w.s.m.m.a.RequestMappingHandlerMapping : Mapped "{[/apps/{appId}/miss_envs],methods=[GET]}" onto public com.ctrip.framework.apollo.common.http.MultiResponseEntity<java.lang.String> com.ctrip.framework.apollo.portal.controller.AppController.findMissEnvs(java.lang.String)
2021-01-11 20:15:48.420  INFO 21200 --- [main] s.w.s.m.m.a.RequestMappingHandlerMapping : Mapped "{[/apps/{appId}/navtree],methods=[GET]}" onto public com.ctrip.framework.apollo.common.http.MultiResponseEntity<com.ctrip.framework.apollo.portal.entity.vo.EnvClusterInfo> com.ctrip.framework.apollo.portal.controller.AppController.nav(java.lang.String)
2021-01-11 20:15:48.420  INFO 21200 --- [main] s.w.s.m.m.a.RequestMappingHandlerMapping : Mapped "{[/apps],methods=[GET]}" onto public java.util.List<com.ctrip.framework.apollo.common.entity.App> com.ctrip.framework.apollo.portal.controller.AppController.findApps(java.lang.String)
2021-01-11 20:15:48.421  INFO 21200 --- [main] s.w.s.m.m.a.RequestMappingHandlerMapping : Mapped "{[/apps/by-owner],methods=[GET]}" onto public java.util.List<com.ctrip.framework.apollo.common.entity.App> com.ctrip.framework.apollo.portal.controller.AppController.findAppsByOwner(java.lang.String,org.springframework.data.domain.Pageable)
2021-01-11 20:15:48.421  INFO 21200 --- [main] s.w.s.m.m.a.RequestMappingHandlerMapping : Mapped "{[/organizations]}" onto public java.util.List<com.ctrip.framework.apollo.portal.entity.vo.Organization> com.ctrip.framework.apollo.portal.controller.OrganizationController.loadOrganization()
2021-01-11 20:15:48.423  INFO 21200 --- [main] s.w.s.m.m.a.RequestMappingHandlerMapping : Mapped "{[/apps/{appId}/namespaces/{namespaceName}/items],methods=[PUT],consumes=[application/json]}" onto public org.springframework.http.ResponseEntity<java.lang.Void> com.ctrip.framework.apollo.portal.controller.ItemController.update(java.lang.String,java.lang.String,com.ctrip.framework.apollo.portal.entity.model.NamespaceSyncModel)
2021-01-11 20:15:48.423  INFO 21200 --- [main] s.w.s.m.m.a.RequestMappingHandlerMapping : Mapped "{[/apps/{appId}/envs/{env}/clusters/{clusterName}/namespaces/{namespaceName}/items],methods=[PUT],consumes=[application/json]}" onto public void com.ctrip.framework.apollo.portal.controller.ItemController.modifyItemsByText(java.lang.String,java.lang.String,java.lang.String,java.lang.String,com.ctrip.framework.apollo.portal.entity.model.NamespaceTextModel)
2021-01-11 20:15:48.423  INFO 21200 --- [main] s.w.s.m.m.a.RequestMappingHandlerMapping : Mapped "{[/namespaces/{namespaceName}/diff],methods=[POST],consumes=[application/json]}" onto public java.util.List<com.ctrip.framework.apollo.portal.entity.vo.ItemDiffs> com.ctrip.framework.apollo.portal.controller.ItemController.diff(com.ctrip.framework.apollo.portal.entity.model.NamespaceSyncModel)
2021-01-11 20:15:48.423  INFO 21200 --- [main] s.w.s.m.m.a.RequestMappingHandlerMapping : Mapped "{[/apps/{appId}/envs/{env}/clusters/{clusterName}/namespaces/{namespaceName}/item],methods=[PUT]}" onto public void com.ctrip.framework.apollo.portal.controller.ItemController.updateItem(java.lang.String,java.lang.String,java.lang.String,java.lang.String,com.ctrip.framework.apollo.common.dto.ItemDTO)
2021-01-11 20:15:48.424  INFO 21200 --- [main] s.w.s.m.m.a.RequestMappingHandlerMapping : Mapped "{[/apps/{appId}/envs/{env}/clusters/{clusterName}/namespaces/{namespaceName}/items/{itemId}],methods=[DELETE]}" onto public void com.ctrip.framework.apollo.portal.controller.ItemController.deleteItem(java.lang.String,java.lang.String,java.lang.String,java.lang.String,long)
2021-01-11 20:15:48.424  INFO 21200 --- [main] s.w.s.m.m.a.RequestMappingHandlerMapping : Mapped "{[/apps/{appId}/envs/{env}/clusters/{clusterName}/namespaces/{namespaceName}/item],methods=[POST]}" onto public com.ctrip.framework.apollo.common.dto.ItemDTO com.ctrip.framework.apollo.portal.controller.ItemController.createItem(java.lang.String,java.lang.String,java.lang.String,java.lang.String,com.ctrip.framework.apollo.common.dto.ItemDTO)
2021-01-11 20:15:48.424  INFO 21200 --- [main] s.w.s.m.m.a.RequestMappingHandlerMapping : Mapped "{[/apps/{appId}/envs/{env}/clusters/{clusterName}/namespaces/{namespaceName}/branches/{branchName}/items],methods=[GET]}" onto public java.util.List<com.ctrip.framework.apollo.common.dto.ItemDTO> com.ctrip.framework.apollo.portal.controller.ItemController.findBranchItems(java.lang.String,java.lang.String,java.lang.String,java.lang.String,java.lang.String)
2021-01-11 20:15:48.424  INFO 21200 --- [main] s.w.s.m.m.a.RequestMappingHandlerMapping : Mapped "{[/apps/{appId}/envs/{env}/clusters/{clusterName}/namespaces/{namespaceName}/syntax-check],methods=[POST],consumes=[application/json]}" onto public org.springframework.http.ResponseEntity<java.lang.Void> com.ctrip.framework.apollo.portal.controller.ItemController.syntaxCheckText(java.lang.String,java.lang.String,java.lang.String,java.lang.String,com.ctrip.framework.apollo.portal.entity.model.NamespaceTextModel)
2021-01-11 20:15:48.424  INFO 21200 --- [main] s.w.s.m.m.a.RequestMappingHandlerMapping : Mapped "{[/apps/{appId}/envs/{env}/clusters/{clusterName}/namespaces/{namespaceName}/revoke-items],methods=[PUT]}" onto public void com.ctrip.framework.apollo.portal.controller.ItemController.revokeItems(java.lang.String,java.lang.String,java.lang.String,java.lang.String)
2021-01-11 20:15:48.425  INFO 21200 --- [main] s.w.s.m.m.a.RequestMappingHandlerMapping : Mapped "{[/apps/{appId}/envs/{env}/clusters/{clusterName}/namespaces/{namespaceName}/items],methods=[GET]}" onto public java.util.List<com.ctrip.framework.apollo.common.dto.ItemDTO> com.ctrip.framework.apollo.portal.controller.ItemController.findItems(java.lang.String,java.lang.String,java.lang.String,java.lang.String,java.lang.String)
2021-01-11 20:15:48.431  INFO 21200 --- [main] s.w.s.m.m.a.RequestMappingHandlerMapping : Mapped "{[/apps/{appId}/envs/{env}/clusters/{clusterName:.+}],methods=[GET]}" onto public com.ctrip.framework.apollo.common.dto.ClusterDTO com.ctrip.framework.apollo.portal.controller.ClusterController.loadCluster(java.lang.String,java.lang.String,java.lang.String)
2021-01-11 20:15:48.431  INFO 21200 --- [main] s.w.s.m.m.a.RequestMappingHandlerMapping : Mapped "{[/apps/{appId}/envs/{env}/clusters/{clusterName:.+}],methods=[DELETE]}" onto public org.springframework.http.ResponseEntity<java.lang.Void> com.ctrip.framework.apollo.portal.controller.ClusterController.deleteCluster(java.lang.String,java.lang.String,java.lang.String)
2021-01-11 20:15:48.432  INFO 21200 --- [main] s.w.s.m.m.a.RequestMappingHandlerMapping : Mapped "{[/apps/{appId}/envs/{env}/clusters],methods=[POST]}" onto public com.ctrip.framework.apollo.common.dto.ClusterDTO com.ctrip.framework.apollo.portal.controller.ClusterController.createCluster(java.lang.String,java.lang.String,com.ctrip.framework.apollo.common.dto.ClusterDTO)
2021-01-11 20:15:48.435  INFO 21200 --- [main] s.w.s.m.m.a.RequestMappingHandlerMapping : Mapped "{[/user],methods=[GET]}" onto public com.ctrip.framework.apollo.portal.entity.bo.UserInfo com.ctrip.framework.apollo.portal.controller.UserInfoController.getCurrentUserName()
2021-01-11 20:15:48.436  INFO 21200 --- [main] s.w.s.m.m.a.RequestMappingHandlerMapping : Mapped "{[/users],methods=[POST]}" onto public void com.ctrip.framework.apollo.portal.controller.UserInfoController.createOrUpdateUser(com.ctrip.framework.apollo.portal.entity.po.UserPO)
2021-01-11 20:15:48.436  INFO 21200 --- [main] s.w.s.m.m.a.RequestMappingHandlerMapping : Mapped "{[/users],methods=[GET]}" onto public java.util.List<com.ctrip.framework.apollo.portal.entity.bo.UserInfo> com.ctrip.framework.apollo.portal.controller.UserInfoController.searchUsersByKeyword(java.lang.String,int,int)
2021-01-11 20:15:48.436  INFO 21200 --- [main] s.w.s.m.m.a.RequestMappingHandlerMapping : Mapped "{[/users/{userId}],methods=[GET]}" onto public com.ctrip.framework.apollo.portal.entity.bo.UserInfo com.ctrip.framework.apollo.portal.controller.UserInfoController.getUserByUserId(java.lang.String)
2021-01-11 20:15:48.436  INFO 21200 --- [main] s.w.s.m.m.a.RequestMappingHandlerMapping : Mapped "{[/user/logout],methods=[GET]}" onto public void com.ctrip.framework.apollo.portal.controller.UserInfoController.logout(javax.servlet.http.HttpServletRequest,javax.servlet.http.HttpServletResponse) throws java.io.IOException
2021-01-11 20:15:48.437  INFO 21200 --- [main] s.w.s.m.m.a.RequestMappingHandlerMapping : Mapped "{[/envs],methods=[GET]}" onto public java.util.List<java.lang.String> com.ctrip.framework.apollo.portal.controller.EnvController.envs()
2021-01-11 20:15:48.437  INFO 21200 --- [main] s.w.s.m.m.a.RequestMappingHandlerMapping : Mapped "{[/server/config],methods=[POST]}" onto public com.ctrip.framework.apollo.portal.entity.po.ServerConfig com.ctrip.framework.apollo.portal.controller.ServerConfigController.createOrUpdate(com.ctrip.framework.apollo.portal.entity.po.ServerConfig)
2021-01-11 20:15:48.438  INFO 21200 --- [main] s.w.s.m.m.a.RequestMappingHandlerMapping : Mapped "{[/server/config/{key:.+}],methods=[GET]}" onto public com.ctrip.framework.apollo.portal.entity.po.ServerConfig com.ctrip.framework.apollo.portal.controller.ServerConfigController.loadServerConfig(java.lang.String)
2021-01-11 20:15:48.438  INFO 21200 --- [main] s.w.s.m.m.a.RequestMappingHandlerMapping : Mapped "{[/apps/{appId}/envs/{env}/clusters/{clusterName}/namespaces/{namespaceName}/releases/histories],methods=[GET]}" onto public java.util.List<com.ctrip.framework.apollo.portal.entity.bo.ReleaseHistoryBO> com.ctrip.framework.apollo.portal.controller.ReleaseHistoryController.findReleaseHistoriesByNamespace(java.lang.String,java.lang.String,java.lang.String,java.lang.String,int,int)
2021-01-11 20:15:48.439  INFO 21200 --- [main] s.w.s.m.m.a.RequestMappingHandlerMapping : Mapped "{[/apps/{appId}/envs/{env}/clusters/{clusterName}/namespaces/{namespaceName}/lock-info],methods=[GET]}" onto public com.ctrip.framework.apollo.portal.entity.vo.LockInfo com.ctrip.framework.apollo.portal.controller.NamespaceLockController.getNamespaceLockInfo(java.lang.String,java.lang.String,java.lang.String,java.lang.String)
2021-01-11 20:15:48.439  INFO 21200 --- [main] s.w.s.m.m.a.RequestMappingHandlerMapping : Mapped "{[/apps/{appId}/envs/{env}/clusters/{clusterName}/namespaces/{namespaceName}/lock],methods=[GET]}" onto public com.ctrip.framework.apollo.common.dto.NamespaceLockDTO com.ctrip.framework.apollo.portal.controller.NamespaceLockController.getNamespaceLock(java.lang.String,java.lang.String,java.lang.String,java.lang.String)
2021-01-11 20:15:48.443  INFO 21200 --- [main] s.w.s.m.m.a.RequestMappingHandlerMapping : Mapped "{[/envs/{env}/apps/{appId}/clusters/{clusterName}/namespaces/{namespaceName}/associated-public-namespace],methods=[GET]}" onto public com.ctrip.framework.apollo.portal.entity.bo.NamespaceBO com.ctrip.framework.apollo.portal.controller.NamespaceController.findPublicNamespaceForAssociatedNamespace(java.lang.String,java.lang.String,java.lang.String,java.lang.String)
2021-01-11 20:15:48.444  INFO 21200 --- [main] s.w.s.m.m.a.RequestMappingHandlerMapping : Mapped "{[/envs/{env}/appnamespaces/{publicNamespaceName}/namespaces],methods=[GET]}" onto public java.util.List<com.ctrip.framework.apollo.common.dto.NamespaceDTO> com.ctrip.framework.apollo.portal.controller.NamespaceController.getPublicAppNamespaceAllNamespaces(java.lang.String,java.lang.String,int,int)
2021-01-11 20:15:48.444  INFO 21200 --- [main] s.w.s.m.m.a.RequestMappingHandlerMapping : Mapped "{[/apps/{appId}/appnamespaces/{namespaceName:.+}],methods=[DELETE]}" onto public org.springframework.http.ResponseEntity<java.lang.Void> com.ctrip.framework.apollo.portal.controller.NamespaceController.deleteAppNamespace(java.lang.String,java.lang.String)
2021-01-11 20:15:48.444  INFO 21200 --- [main] s.w.s.m.m.a.RequestMappingHandlerMapping : Mapped "{[/appnamespaces/public],methods=[GET]}" onto public java.util.List<com.ctrip.framework.apollo.common.entity.AppNamespace> com.ctrip.framework.apollo.portal.controller.NamespaceController.findPublicAppNamespaces()
2021-01-11 20:15:48.445  INFO 21200 --- [main] s.w.s.m.m.a.RequestMappingHandlerMapping : Mapped "{[/apps/{appId}/namespaces/publish_info],methods=[GET]}" onto public java.util.Map<java.lang.String, java.util.Map<java.lang.String, java.lang.Boolean>> com.ctrip.framework.apollo.portal.controller.NamespaceController.getNamespacesPublishInfo(java.lang.String)
2021-01-11 20:15:48.446  INFO 21200 --- [main] s.w.s.m.m.a.RequestMappingHandlerMapping : Mapped "{[/apps/{appId}/appnamespaces],methods=[POST]}" onto public com.ctrip.framework.apollo.common.entity.AppNamespace com.ctrip.framework.apollo.portal.controller.NamespaceController.createAppNamespace(java.lang.String,boolean,com.ctrip.framework.apollo.common.entity.AppNamespace)
2021-01-11 20:15:48.446  INFO 21200 --- [main] s.w.s.m.m.a.RequestMappingHandlerMapping : Mapped "{[/apps/{appId}/envs/{env}/clusters/{clusterName}/missing-namespaces],methods=[GET]}" onto public com.ctrip.framework.apollo.common.http.MultiResponseEntity<java.lang.String> com.ctrip.framework.apollo.portal.controller.NamespaceController.findMissingNamespaces(java.lang.String,java.lang.String,java.lang.String)
2021-01-11 20:15:48.446  INFO 21200 --- [main] s.w.s.m.m.a.RequestMappingHandlerMapping : Mapped "{[/apps/{appId}/envs/{env}/clusters/{clusterName}/missing-namespaces],methods=[POST]}" onto public org.springframework.http.ResponseEntity<java.lang.Void> com.ctrip.framework.apollo.portal.controller.NamespaceController.createMissingNamespaces(java.lang.String,java.lang.String,java.lang.String)
2021-01-11 20:15:48.446  INFO 21200 --- [main] s.w.s.m.m.a.RequestMappingHandlerMapping : Mapped "{[/apps/{appId}/namespaces],methods=[POST]}" onto public org.springframework.http.ResponseEntity<java.lang.Void> com.ctrip.framework.apollo.portal.controller.NamespaceController.createNamespace(java.lang.String,java.util.List<com.ctrip.framework.apollo.portal.entity.model.NamespaceCreationModel>)
2021-01-11 20:15:48.446  INFO 21200 --- [main] s.w.s.m.m.a.RequestMappingHandlerMapping : Mapped "{[/apps/{appId}/envs/{env}/clusters/{clusterName}/namespaces],methods=[GET]}" onto public java.util.List<com.ctrip.framework.apollo.portal.entity.bo.NamespaceBO> com.ctrip.framework.apollo.portal.controller.NamespaceController.findNamespaces(java.lang.String,java.lang.String,java.lang.String)
2021-01-11 20:15:48.446  INFO 21200 --- [main] s.w.s.m.m.a.RequestMappingHandlerMapping : Mapped "{[/apps/{appId}/envs/{env}/clusters/{clusterName}/namespaces/{namespaceName:.+}],methods=[DELETE]}" onto public org.springframework.http.ResponseEntity<java.lang.Void> com.ctrip.framework.apollo.portal.controller.NamespaceController.deleteNamespace(java.lang.String,java.lang.String,java.lang.String,java.lang.String)
2021-01-11 20:15:48.447  INFO 21200 --- [main] s.w.s.m.m.a.RequestMappingHandlerMapping : Mapped "{[/apps/{appId}/appnamespaces/{namespaceName:.+}],methods=[GET]}" onto public com.ctrip.framework.apollo.common.dto.AppNamespaceDTO com.ctrip.framework.apollo.portal.controller.NamespaceController.findAppNamespace(java.lang.String,java.lang.String)
2021-01-11 20:15:48.447  INFO 21200 --- [main] s.w.s.m.m.a.RequestMappingHandlerMapping : Mapped "{[/apps/{appId}/envs/{env}/clusters/{clusterName}/namespaces/{namespaceName:.+}],methods=[GET]}" onto public com.ctrip.framework.apollo.portal.entity.bo.NamespaceBO com.ctrip.framework.apollo.portal.controller.NamespaceController.findNamespace(java.lang.String,java.lang.String,java.lang.String,java.lang.String)
2021-01-11 20:15:48.447  INFO 21200 --- [main] s.w.s.m.m.a.RequestMappingHandlerMapping : Mapped "{[/consumers/{token}/assign-role],methods=[POST]}" onto public java.util.List<com.ctrip.framework.apollo.openapi.entity.ConsumerRole> com.ctrip.framework.apollo.portal.controller.ConsumerController.assignNamespaceRoleToConsumer(java.lang.String,java.lang.String,java.lang.String,com.ctrip.framework.apollo.common.dto.NamespaceDTO)
2021-01-11 20:15:48.448  INFO 21200 --- [main] s.w.s.m.m.a.RequestMappingHandlerMapping : Mapped "{[/consumers/by-appId],methods=[GET]}" onto public com.ctrip.framework.apollo.openapi.entity.ConsumerToken com.ctrip.framework.apollo.portal.controller.ConsumerController.getConsumerTokenByAppId(java.lang.String)
2021-01-11 20:15:48.448  INFO 21200 --- [main] s.w.s.m.m.a.RequestMappingHandlerMapping : Mapped "{[/consumers],methods=[POST]}" onto public com.ctrip.framework.apollo.openapi.entity.ConsumerToken com.ctrip.framework.apollo.portal.controller.ConsumerController.createConsumer(com.ctrip.framework.apollo.openapi.entity.Consumer,java.util.Date)
2021-01-11 20:15:48.448  INFO 21200 --- [main] s.w.s.m.m.a.RequestMappingHandlerMapping : Mapped "{[/page-settings],methods=[GET]}" onto public com.ctrip.framework.apollo.portal.entity.vo.PageSetting com.ctrip.framework.apollo.portal.controller.PageSettingController.getPageSetting()
2021-01-11 20:15:48.449  INFO 21200 --- [main] s.w.s.m.m.a.RequestMappingHandlerMapping : Mapped "{[/apps/{appId}/envs/{env}/clusters/{clusterName}/namespaces/{namespaceName}/items/import],methods=[POST]}" onto public void com.ctrip.framework.apollo.portal.controller.ConfigsImportController.importConfigFile(java.lang.String,java.lang.String,java.lang.String,java.lang.String,org.springframework.web.multipart.MultipartFile) throws java.io.IOException
2021-01-11 20:15:48.449  INFO 21200 --- [main] s.w.s.m.m.a.RequestMappingHandlerMapping : Mapped "{[/system-info/health],methods=[GET]}" onto public org.springframework.boot.actuate.health.Health com.ctrip.framework.apollo.portal.controller.SystemInfoController.checkHealth(java.lang.String)
2021-01-11 20:15:48.450  INFO 21200 --- [main] s.w.s.m.m.a.RequestMappingHandlerMapping : Mapped "{[/system-info],methods=[GET]}" onto public com.ctrip.framework.apollo.portal.entity.vo.SystemInfo com.ctrip.framework.apollo.portal.controller.SystemInfoController.getSystemInfo()
2021-01-11 20:15:48.451  INFO 21200 --- [main] s.w.s.m.m.a.RequestMappingHandlerMapping : Mapped "{[/signin],methods=[GET]}" onto public java.lang.String com.ctrip.framework.apollo.portal.controller.SignInController.login(java.lang.String,java.lang.String)
2021-01-11 20:15:48.453  INFO 21200 --- [main] s.w.s.m.m.a.RequestMappingHandlerMapping : Mapped "{[/apps/{appId}/envs/{env}/clusters/{clusterName}/namespaces/{namespaceName}/commits],methods=[GET]}" onto public java.util.List<com.ctrip.framework.apollo.common.dto.CommitDTO> com.ctrip.framework.apollo.portal.controller.CommitController.find(java.lang.String,java.lang.String,java.lang.String,java.lang.String,int,int)
2021-01-11 20:15:48.455  INFO 21200 --- [main] s.w.s.m.m.a.RequestMappingHandlerMapping : Mapped "{[/envs/{env}/releases/{releaseId}],methods=[GET]}" onto public com.ctrip.framework.apollo.common.dto.ReleaseDTO com.ctrip.framework.apollo.portal.controller.ReleaseController.get(java.lang.String,long)
2021-01-11 20:15:48.455  INFO 21200 --- [main] s.w.s.m.m.a.RequestMappingHandlerMapping : Mapped "{[/apps/{appId}/envs/{env}/clusters/{clusterName}/namespaces/{namespaceName}/releases/active],methods=[GET]}" onto public java.util.List<com.ctrip.framework.apollo.common.dto.ReleaseDTO> com.ctrip.framework.apollo.portal.controller.ReleaseController.findActiveReleases(java.lang.String,java.lang.String,java.lang.String,java.lang.String,int,int)
2021-01-11 20:15:48.455  INFO 21200 --- [main] s.w.s.m.m.a.RequestMappingHandlerMapping : Mapped "{[/apps/{appId}/envs/{env}/clusters/{clusterName}/namespaces/{namespaceName}/branches/{branchName}/releases],methods=[POST]}" onto public com.ctrip.framework.apollo.common.dto.ReleaseDTO com.ctrip.framework.apollo.portal.controller.ReleaseController.createGrayRelease(java.lang.String,java.lang.String,java.lang.String,java.lang.String,java.lang.String,com.ctrip.framework.apollo.portal.entity.model.NamespaceReleaseModel)
2021-01-11 20:15:48.455  INFO 21200 --- [main] s.w.s.m.m.a.RequestMappingHandlerMapping : Mapped "{[/envs/{env}/releases/compare],methods=[GET]}" onto public com.ctrip.framework.apollo.portal.entity.vo.ReleaseCompareResult com.ctrip.framework.apollo.portal.controller.ReleaseController.compareRelease(java.lang.String,long,long)
2021-01-11 20:15:48.456  INFO 21200 --- [main] s.w.s.m.m.a.RequestMappingHandlerMapping : Mapped "{[/apps/{appId}/envs/{env}/clusters/{clusterName}/namespaces/{namespaceName}/releases/all],methods=[GET]}" onto public java.util.List<com.ctrip.framework.apollo.portal.entity.bo.ReleaseBO> com.ctrip.framework.apollo.portal.controller.ReleaseController.findAllReleases(java.lang.String,java.lang.String,java.lang.String,java.lang.String,int,int)
2021-01-11 20:15:48.456  INFO 21200 --- [main] s.w.s.m.m.a.RequestMappingHandlerMapping : Mapped "{[/apps/{appId}/envs/{env}/clusters/{clusterName}/namespaces/{namespaceName}/releases],methods=[POST]}" onto public com.ctrip.framework.apollo.common.dto.ReleaseDTO com.ctrip.framework.apollo.portal.controller.ReleaseController.createRelease(java.lang.String,java.lang.String,java.lang.String,java.lang.String,com.ctrip.framework.apollo.portal.entity.model.NamespaceReleaseModel)
2021-01-11 20:15:48.456  INFO 21200 --- [main] s.w.s.m.m.a.RequestMappingHandlerMapping : Mapped "{[/envs/{env}/releases/{releaseId}/rollback],methods=[PUT]}" onto public void com.ctrip.framework.apollo.portal.controller.ReleaseController.rollback(java.lang.String,long,long)
2021-01-11 20:15:48.461  INFO 21200 --- [main] s.w.s.m.m.a.RequestMappingHandlerMapping : Mapped "{[/openapi/v1/envs/{env}/apps/{appId}/clusters/{clusterName}/namespaces/{namespaceName}/branches/{branchName}/merge],methods=[POST]}" onto public com.ctrip.framework.apollo.openapi.dto.OpenReleaseDTO com.ctrip.framework.apollo.openapi.v1.controller.ReleaseController.merge(java.lang.String,java.lang.String,java.lang.String,java.lang.String,java.lang.String,boolean,com.ctrip.framework.apollo.openapi.dto.NamespaceReleaseDTO,javax.servlet.http.HttpServletRequest)
2021-01-11 20:15:48.462  INFO 21200 --- [main] s.w.s.m.m.a.RequestMappingHandlerMapping : Mapped "{[/openapi/v1/envs/{env}/apps/{appId}/clusters/{clusterName}/namespaces/{namespaceName}/releases/latest],methods=[GET]}" onto public com.ctrip.framework.apollo.openapi.dto.OpenReleaseDTO com.ctrip.framework.apollo.openapi.v1.controller.ReleaseController.loadLatestActiveRelease(java.lang.String,java.lang.String,java.lang.String,java.lang.String)
2021-01-11 20:15:48.462  INFO 21200 --- [main] s.w.s.m.m.a.RequestMappingHandlerMapping : Mapped "{[/openapi/v1/envs/{env}/apps/{appId}/clusters/{clusterName}/namespaces/{namespaceName}/branches/{branchName}/releases],methods=[POST]}" onto public com.ctrip.framework.apollo.openapi.dto.OpenReleaseDTO com.ctrip.framework.apollo.openapi.v1.controller.ReleaseController.createGrayRelease(java.lang.String,java.lang.String,java.lang.String,java.lang.String,java.lang.String,com.ctrip.framework.apollo.openapi.dto.NamespaceReleaseDTO,javax.servlet.http.HttpServletRequest)
2021-01-11 20:15:48.462  INFO 21200 --- [main] s.w.s.m.m.a.RequestMappingHandlerMapping : Mapped "{[/openapi/v1/envs/{env}/apps/{appId}/clusters/{clusterName}/namespaces/{namespaceName}/branches/{branchName}/gray-del-releases],methods=[POST]}" onto public com.ctrip.framework.apollo.openapi.dto.OpenReleaseDTO com.ctrip.framework.apollo.openapi.v1.controller.ReleaseController.createGrayDelRelease(java.lang.String,java.lang.String,java.lang.String,java.lang.String,java.lang.String,com.ctrip.framework.apollo.openapi.dto.NamespaceGrayDelReleaseDTO,javax.servlet.http.HttpServletRequest)
2021-01-11 20:15:48.462  INFO 21200 --- [main] s.w.s.m.m.a.RequestMappingHandlerMapping : Mapped "{[/openapi/v1/envs/{env}/apps/{appId}/clusters/{clusterName}/namespaces/{namespaceName}/releases],methods=[POST]}" onto public com.ctrip.framework.apollo.openapi.dto.OpenReleaseDTO com.ctrip.framework.apollo.openapi.v1.controller.ReleaseController.createRelease(java.lang.String,java.lang.String,java.lang.String,java.lang.String,com.ctrip.framework.apollo.openapi.dto.NamespaceReleaseDTO,javax.servlet.http.HttpServletRequest)
2021-01-11 20:15:48.462  INFO 21200 --- [main] s.w.s.m.m.a.RequestMappingHandlerMapping : Mapped "{[/openapi/v1/envs/{env}/releases/{releaseId}/rollback],methods=[PUT]}" onto public void com.ctrip.framework.apollo.openapi.v1.controller.ReleaseController.rollback(java.lang.String,long,java.lang.String,javax.servlet.http.HttpServletRequest)
2021-01-11 20:15:48.463  INFO 21200 --- [main] s.w.s.m.m.a.RequestMappingHandlerMapping : Mapped "{[/openapi/v1/envs/{env}/apps/{appId}/clusters/{clusterName}/namespaces/{namespaceName}/items/{key:.+}],methods=[GET]}" onto public com.ctrip.framework.apollo.openapi.dto.OpenItemDTO com.ctrip.framework.apollo.openapi.v1.controller.ItemController.getItem(java.lang.String,java.lang.String,java.lang.String,java.lang.String,java.lang.String)
2021-01-11 20:15:48.464  INFO 21200 --- [main] s.w.s.m.m.a.RequestMappingHandlerMapping : Mapped "{[/openapi/v1/envs/{env}/apps/{appId}/clusters/{clusterName}/namespaces/{namespaceName}/items/{key:.+}],methods=[PUT]}" onto public void com.ctrip.framework.apollo.openapi.v1.controller.ItemController.updateItem(java.lang.String,java.lang.String,java.lang.String,java.lang.String,java.lang.String,com.ctrip.framework.apollo.openapi.dto.OpenItemDTO,boolean,javax.servlet.http.HttpServletRequest)
2021-01-11 20:15:48.464  INFO 21200 --- [main] s.w.s.m.m.a.RequestMappingHandlerMapping : Mapped "{[/openapi/v1/envs/{env}/apps/{appId}/clusters/{clusterName}/namespaces/{namespaceName}/items/{key:.+}],methods=[DELETE]}" onto public void com.ctrip.framework.apollo.openapi.v1.controller.ItemController.deleteItem(java.lang.String,java.lang.String,java.lang.String,java.lang.String,java.lang.String,java.lang.String,javax.servlet.http.HttpServletRequest)
2021-01-11 20:15:48.464  INFO 21200 --- [main] s.w.s.m.m.a.RequestMappingHandlerMapping : Mapped "{[/openapi/v1/envs/{env}/apps/{appId}/clusters/{clusterName}/namespaces/{namespaceName}/items],methods=[POST]}" onto public com.ctrip.framework.apollo.openapi.dto.OpenItemDTO com.ctrip.framework.apollo.openapi.v1.controller.ItemController.createItem(java.lang.String,java.lang.String,java.lang.String,java.lang.String,com.ctrip.framework.apollo.openapi.dto.OpenItemDTO,javax.servlet.http.HttpServletRequest)
2021-01-11 20:15:48.465  INFO 21200 --- [main] s.w.s.m.m.a.RequestMappingHandlerMapping : Mapped "{[/openapi/v1/envs/{env}/apps/{appId}/clusters/{clusterName}/namespaces/{namespaceName}/branches/{branchName}/rules],methods=[PUT]}" onto public void com.ctrip.framework.apollo.openapi.v1.controller.NamespaceBranchController.updateBranchRules(java.lang.String,java.lang.String,java.lang.String,java.lang.String,java.lang.String,com.ctrip.framework.apollo.openapi.dto.OpenGrayReleaseRuleDTO,java.lang.String,javax.servlet.http.HttpServletRequest)
2021-01-11 20:15:48.467  INFO 21200 --- [main] s.w.s.m.m.a.RequestMappingHandlerMapping : Mapped "{[/openapi/v1/envs/{env}/apps/{appId}/clusters/{clusterName}/namespaces/{namespaceName}/branches/{branchName}/rules],methods=[GET]}" onto public com.ctrip.framework.apollo.openapi.dto.OpenGrayReleaseRuleDTO com.ctrip.framework.apollo.openapi.v1.controller.NamespaceBranchController.getBranchGrayRules(java.lang.String,java.lang.String,java.lang.String,java.lang.String,java.lang.String)
2021-01-11 20:15:48.468  INFO 21200 --- [main] s.w.s.m.m.a.RequestMappingHandlerMapping : Mapped "{[/openapi/v1/envs/{env}/apps/{appId}/clusters/{clusterName}/namespaces/{namespaceName}/branches/{branchName}],methods=[DELETE]}" onto public void com.ctrip.framework.apollo.openapi.v1.controller.NamespaceBranchController.deleteBranch(java.lang.String,java.lang.String,java.lang.String,java.lang.String,java.lang.String,java.lang.String,javax.servlet.http.HttpServletRequest)
2021-01-11 20:15:48.469  INFO 21200 --- [main] s.w.s.m.m.a.RequestMappingHandlerMapping : Mapped "{[/openapi/v1/envs/{env}/apps/{appId}/clusters/{clusterName}/namespaces/{namespaceName}/branches],methods=[GET]}" onto public com.ctrip.framework.apollo.openapi.dto.OpenNamespaceDTO com.ctrip.framework.apollo.openapi.v1.controller.NamespaceBranchController.findBranch(java.lang.String,java.lang.String,java.lang.String,java.lang.String)
2021-01-11 20:15:48.469  INFO 21200 --- [main] s.w.s.m.m.a.RequestMappingHandlerMapping : Mapped "{[/openapi/v1/envs/{env}/apps/{appId}/clusters/{clusterName}/namespaces/{namespaceName}/branches],methods=[POST]}" onto public com.ctrip.framework.apollo.openapi.dto.OpenNamespaceDTO com.ctrip.framework.apollo.openapi.v1.controller.NamespaceBranchController.createBranch(java.lang.String,java.lang.String,java.lang.String,java.lang.String,java.lang.String,javax.servlet.http.HttpServletRequest)
2021-01-11 20:15:48.471  INFO 21200 --- [main] s.w.s.m.m.a.RequestMappingHandlerMapping : Mapped "{[/openapi/v1/envs/{env}/apps/{appId}/clusters/{clusterName}/namespaces/{namespaceName:.+}],methods=[GET]}" onto public com.ctrip.framework.apollo.openapi.dto.OpenNamespaceDTO com.ctrip.framework.apollo.openapi.v1.controller.NamespaceController.loadNamespace(java.lang.String,java.lang.String,java.lang.String,java.lang.String)
2021-01-11 20:15:48.471  INFO 21200 --- [main] s.w.s.m.m.a.RequestMappingHandlerMapping : Mapped "{[/openapi/v1/apps/{appId}/appnamespaces],methods=[POST]}" onto public com.ctrip.framework.apollo.openapi.dto.OpenAppNamespaceDTO com.ctrip.framework.apollo.openapi.v1.controller.NamespaceController.createNamespace(java.lang.String,com.ctrip.framework.apollo.openapi.dto.OpenAppNamespaceDTO,javax.servlet.http.HttpServletRequest)
2021-01-11 20:15:48.471  INFO 21200 --- [main] s.w.s.m.m.a.RequestMappingHandlerMapping : Mapped "{[/openapi/v1/envs/{env}/apps/{appId}/clusters/{clusterName}/namespaces],methods=[GET]}" onto public java.util.List<com.ctrip.framework.apollo.openapi.dto.OpenNamespaceDTO> com.ctrip.framework.apollo.openapi.v1.controller.NamespaceController.findNamespaces(java.lang.String,java.lang.String,java.lang.String)
2021-01-11 20:15:48.471  INFO 21200 --- [main] s.w.s.m.m.a.RequestMappingHandlerMapping : Mapped "{[/openapi/v1/envs/{env}/apps/{appId}/clusters/{clusterName}/namespaces/{namespaceName}/lock],methods=[GET]}" onto public com.ctrip.framework.apollo.openapi.dto.OpenNamespaceLockDTO com.ctrip.framework.apollo.openapi.v1.controller.NamespaceController.getNamespaceLock(java.lang.String,java.lang.String,java.lang.String,java.lang.String)
2021-01-11 20:15:48.472  INFO 21200 --- [main] s.w.s.m.m.a.RequestMappingHandlerMapping : Mapped "{[/openapi/v1/apps/{appId}/envclusters],methods=[GET]}" onto public java.util.List<com.ctrip.framework.apollo.openapi.dto.OpenEnvClusterDTO> com.ctrip.framework.apollo.openapi.v1.controller.AppController.loadEnvClusterInfo(java.lang.String)
2021-01-11 20:15:48.472  INFO 21200 --- [main] s.w.s.m.m.a.RequestMappingHandlerMapping : Mapped "{[/openapi/v1/apps],methods=[GET]}" onto public java.util.List<com.ctrip.framework.apollo.openapi.dto.OpenAppDTO> com.ctrip.framework.apollo.openapi.v1.controller.AppController.findApps(java.lang.String)
2021-01-11 20:15:48.473  INFO 21200 --- [main] s.w.s.m.m.a.RequestMappingHandlerMapping : Mapped "{[/openapi/v1/envs/{env}/apps/{appId}/clusters/{clusterName:.+}],methods=[GET]}" onto public com.ctrip.framework.apollo.openapi.dto.OpenClusterDTO com.ctrip.framework.apollo.openapi.v1.controller.ClusterController.loadCluster(java.lang.String,java.lang.String,java.lang.String)
2021-01-11 20:15:48.473  INFO 21200 --- [main] s.w.s.m.m.a.RequestMappingHandlerMapping : Mapped "{[/openapi/v1/envs/{env}/apps/{appId}/clusters],methods=[POST]}" onto public com.ctrip.framework.apollo.openapi.dto.OpenClusterDTO com.ctrip.framework.apollo.openapi.v1.controller.ClusterController.createCluster(java.lang.String,java.lang.String,com.ctrip.framework.apollo.openapi.dto.OpenClusterDTO,javax.servlet.http.HttpServletRequest)
2021-01-11 20:15:48.476  INFO 21200 --- [main] s.w.s.m.m.a.RequestMappingHandlerMapping : Mapped "{[/error]}" onto public org.springframework.http.ResponseEntity<java.util.Map<java.lang.String, java.lang.Object>> org.springframework.boot.autoconfigure.web.servlet.error.BasicErrorController.error(javax.servlet.http.HttpServletRequest)
2021-01-11 20:15:48.478  INFO 21200 --- [main] s.w.s.m.m.a.RequestMappingHandlerMapping : Mapped "{[/error],produces=[text/html]}" onto public org.springframework.web.servlet.ModelAndView org.springframework.boot.autoconfigure.web.servlet.error.BasicErrorController.errorHtml(javax.servlet.http.HttpServletRequest,javax.servlet.http.HttpServletResponse)
2021-01-11 20:15:48.605  INFO 21200 --- [main] o.s.w.s.handler.SimpleUrlHandlerMapping  : Mapped URL path [/webjars/**] onto handler of type [class org.springframework.web.servlet.resource.ResourceHttpRequestHandler]
2021-01-11 20:15:48.605  INFO 21200 --- [main] o.s.w.s.handler.SimpleUrlHandlerMapping  : Mapped URL path [/**] onto handler of type [class org.springframework.web.servlet.resource.ResourceHttpRequestHandler]
2021-01-11 20:15:48.605  INFO 21200 --- [main] o.s.w.s.handler.SimpleUrlHandlerMapping  : Mapped URL path [/img/**] onto handler of type [class org.springframework.web.servlet.resource.ResourceHttpRequestHandler]
2021-01-11 20:15:48.605  INFO 21200 --- [main] o.s.w.s.handler.SimpleUrlHandlerMapping  : Mapped URL path [/vendor/**] onto handler of type [class org.springframework.web.servlet.resource.ResourceHttpRequestHandler]
2021-01-11 20:15:48.605  INFO 21200 --- [main] o.s.w.s.handler.SimpleUrlHandlerMapping  : Mapped URL path [/scripts/**] onto handler of type [class org.springframework.web.servlet.resource.ResourceHttpRequestHandler]
2021-01-11 20:15:48.605  INFO 21200 --- [main] o.s.w.s.handler.SimpleUrlHandlerMapping  : Mapped URL path [/styles/**] onto handler of type [class org.springframework.web.servlet.resource.ResourceHttpRequestHandler]
2021-01-11 20:15:48.605  INFO 21200 --- [main] o.s.w.s.handler.SimpleUrlHandlerMapping  : Mapped URL path [/views/**] onto handler of type [class org.springframework.web.servlet.resource.ResourceHttpRequestHandler]
2021-01-11 20:15:48.605  INFO 21200 --- [main] o.s.w.s.handler.SimpleUrlHandlerMapping  : Mapped URL path [/i18n/**] onto handler of type [class org.springframework.web.servlet.resource.ResourceHttpRequestHandler]
2021-01-11 20:15:48.654  INFO 21200 --- [main] .m.m.a.ExceptionHandlerExceptionResolver : Detected @ExceptionHandler methods in globalDefaultExceptionHandler
2021-01-11 20:15:48.841  INFO 21200 --- [main] o.s.b.a.w.s.WelcomePageHandlerMapping    : Adding welcome page: class path resource [static/index.html]
2021-01-11 20:15:50.180  INFO 21200 --- [main] o.s.ui.freemarker.SpringTemplateLoader   : SpringTemplateLoader for FreeMarker: using resource loader [org.springframework.boot.web.servlet.context.AnnotationConfigServletWebServerApplicationContext@60f58a2e: startup date [Mon Jan 11 20:15:32 CST 2021]; parent: org.springframework.context.annotation.AnnotationConfigApplicationContext@7985f7d2] and template loader path [classpath:/templates/]
2021-01-11 20:15:50.182  INFO 21200 --- [main] o.s.w.s.v.f.FreeMarkerConfigurer         : ClassTemplateLoader for Spring macros added to FreeMarker configuration
2021-01-11 20:15:50.420  INFO 21200 --- [main] o.s.b.a.e.web.EndpointLinksResolver      : Exposing 4 endpoint(s) beneath base path ''
2021-01-11 20:15:50.468  INFO 21200 --- [main] s.b.a.e.w.s.WebMvcEndpointHandlerMapping : Mapped "{[/health],methods=[GET],produces=[application/vnd.spring-boot.actuator.v2+json || application/json]}" onto public java.lang.Object org.springframework.boot.actuate.endpoint.web.servlet.AbstractWebMvcEndpointHandlerMapping$OperationHandler.handle(javax.servlet.http.HttpServletRequest,java.util.Map<java.lang.String, java.lang.String>)
2021-01-11 20:15:50.469  INFO 21200 --- [main] s.b.a.e.w.s.WebMvcEndpointHandlerMapping : Mapped "{[/info],methods=[GET],produces=[application/vnd.spring-boot.actuator.v2+json || application/json]}" onto public java.lang.Object org.springframework.boot.actuate.endpoint.web.servlet.AbstractWebMvcEndpointHandlerMapping$OperationHandler.handle(javax.servlet.http.HttpServletRequest,java.util.Map<java.lang.String, java.lang.String>)
2021-01-11 20:15:50.470  INFO 21200 --- [main] s.b.a.e.w.s.WebMvcEndpointHandlerMapping : Mapped "{[/prometheus],methods=[GET],produces=[text/plain;version=0.0.4;charset=utf-8]}" onto public java.lang.Object org.springframework.boot.actuate.endpoint.web.servlet.AbstractWebMvcEndpointHandlerMapping$OperationHandler.handle(javax.servlet.http.HttpServletRequest,java.util.Map<java.lang.String, java.lang.String>)
2021-01-11 20:15:50.470  INFO 21200 --- [main] s.b.a.e.w.s.WebMvcEndpointHandlerMapping : Mapped "{[/metrics/{requiredMetricName}],methods=[GET],produces=[application/vnd.spring-boot.actuator.v2+json || application/json]}" onto public java.lang.Object org.springframework.boot.actuate.endpoint.web.servlet.AbstractWebMvcEndpointHandlerMapping$OperationHandler.handle(javax.servlet.http.HttpServletRequest,java.util.Map<java.lang.String, java.lang.String>)
2021-01-11 20:15:50.470  INFO 21200 --- [main] s.b.a.e.w.s.WebMvcEndpointHandlerMapping : Mapped "{[/metrics],methods=[GET],produces=[application/vnd.spring-boot.actuator.v2+json || application/json]}" onto public java.lang.Object org.springframework.boot.actuate.endpoint.web.servlet.AbstractWebMvcEndpointHandlerMapping$OperationHandler.handle(javax.servlet.http.HttpServletRequest,java.util.Map<java.lang.String, java.lang.String>)
2021-01-11 20:15:50.972  INFO 21200 --- [main] o.s.j.e.a.AnnotationMBeanExporter        : Registering beans for JMX exposure on startup
2021-01-11 20:15:50.974  INFO 21200 --- [main] o.s.j.e.a.AnnotationMBeanExporter        : Bean with name 'dataSource' has been autodetected for JMX exposure
2021-01-11 20:15:50.982  INFO 21200 --- [main] o.s.j.e.a.AnnotationMBeanExporter        : Bean with name 'refreshScope' has been autodetected for JMX exposure
2021-01-11 20:15:50.986  INFO 21200 --- [main] o.s.j.e.a.AnnotationMBeanExporter        : Bean with name 'configurationPropertiesRebinder' has been autodetected for JMX exposure
2021-01-11 20:15:50.993  INFO 21200 --- [main] o.s.j.e.a.AnnotationMBeanExporter        : Located managed bean 'refreshScope': registering with JMX server as MBean [org.springframework.cloud.context.scope.refresh:name=refreshScope,context=60f58a2e,type=RefreshScope]
2021-01-11 20:15:51.036  INFO 21200 --- [main] o.s.j.e.a.AnnotationMBeanExporter        : Located managed bean 'configurationPropertiesRebinder': registering with JMX server as MBean [org.springframework.cloud.context.properties:name=configurationPropertiesRebinder,context=60f58a2e,type=ConfigurationPropertiesRebinder]
2021-01-11 20:15:51.048  INFO 21200 --- [main] o.s.j.e.a.AnnotationMBeanExporter        : Located MBean 'dataSource': registering with JMX server as MBean [com.zaxxer.hikari:name=dataSource,type=HikariDataSource]
2021-01-11 20:15:51.171  INFO 21200 --- [main] o.s.b.w.embedded.tomcat.TomcatWebServer  : Tomcat started on port(s): 8070 (http) with context path ''
2021-01-11 20:15:51.173  INFO 21200 --- [main] c.c.f.apollo.assembly.ApolloApplication  : Started ApolloApplication in 18.872 seconds (JVM running for 28.133)
2021-01-11 20:15:51.179  INFO 21200 --- [main] c.c.f.apollo.assembly.ApolloApplication  : application-1-1 isActive: true
2021-01-11 20:15:53.247  INFO 21200 --- [http-nio-8070-exec-1] o.a.c.c.C.[Tomcat].[localhost].[/]       : Initializing Spring FrameworkServlet 'dispatcherServlet'
2021-01-11 20:15:53.247  INFO 21200 --- [http-nio-8070-exec-1] o.s.web.servlet.DispatcherServlet        : FrameworkServlet 'dispatcherServlet': initialization started
2021-01-11 20:15:53.304  INFO 21200 --- [http-nio-8070-exec-1] o.s.web.servlet.DispatcherServlet        : FrameworkServlet 'dispatcherServlet': initialization completed in 57 ms
